  Compiling CUDA source file Main.cu...
  
  C:\Users\Ayoub\Documents\Projects\Visual Studio Projects\c++\firstraytracer\FirstRayTracer>"C:\Program Files\NVIDIA GPU Computing Toolkit\CUDA\v10.1\bin\nvcc.exe" -gencode=arch=compute_35,code=\"sm_35,compute_35\" --use-local-env -ccbin "C:\Program Files (x86)\Microsoft Visual Studio\2017\Community\VC\Tools\MSVC\14.16.27023\bin\HostX86\x64" -x cu  -I"C:\Program Files\NVIDIA GPU Computing Toolkit\CUDA\v10.1\include" -I"C:\Program Files\NVIDIA GPU Computing Toolkit\CUDA\v10.1\include"  -G   --keep-dir x64\Debug -maxrregcount=0  --machine 64 --compile -cudart static  -g   -D_MBCS -Xcompiler "/EHsc /W3 /nologo /Od /Fdx64\Debug\vc141.pdb /FS /Zi /RTC1 /MDd " -o x64\Debug\Main.cu.obj "C:\Users\Ayoub\Documents\Projects\Visual Studio Projects\c++\firstraytracer\FirstRayTracer\Main.cu" 
c:\users\ayoub\documents\projects\visual studio projects\c++\firstraytracer\firstraytracer\Ray.h(8): warning : __device__ annotation is ignored on a function("Ray") that is explicitly defaulted on its first declaration
c:\users\ayoub\documents\projects\visual studio projects\c++\firstraytracer\firstraytracer\Sphere.h(8): warning : __host__ annotation is ignored on a function("Sphere") that is explicitly defaulted on its first declaration
c:\users\ayoub\documents\projects\visual studio projects\c++\firstraytracer\firstraytracer\Sphere.h(8): warning : __device__ annotation is ignored on a function("Sphere") that is explicitly defaulted on its first declaration
c:\users\ayoub\documents\projects\visual studio projects\c++\firstraytracer\firstraytracer\Hitable_list.h(8): warning : __device__ annotation is ignored on a function("Hitable_list") that is explicitly defaulted on its first declaration
C:/Users/Ayoub/Documents/Projects/Visual Studio Projects/c++/firstraytracer/FirstRayTracer/Main.cu(144): warning : variable "world_rand_states" is used before its value is set
c:\users\ayoub\documents\projects\visual studio projects\c++\firstraytracer\firstraytracer\Ray.h(8): warning : __device__ annotation is ignored on a function("Ray") that is explicitly defaulted on its first declaration
c:\users\ayoub\documents\projects\visual studio projects\c++\firstraytracer\firstraytracer\Sphere.h(8): warning : __host__ annotation is ignored on a function("Sphere") that is explicitly defaulted on its first declaration
c:\users\ayoub\documents\projects\visual studio projects\c++\firstraytracer\firstraytracer\Sphere.h(8): warning : __device__ annotation is ignored on a function("Sphere") that is explicitly defaulted on its first declaration
c:\users\ayoub\documents\projects\visual studio projects\c++\firstraytracer\firstraytracer\Hitable_list.h(8): warning : __device__ annotation is ignored on a function("Hitable_list") that is explicitly defaulted on its first declaration
C:/Users/Ayoub/Documents/Projects/Visual Studio Projects/c++/firstraytracer/FirstRayTracer/Main.cu(144): warning : variable "world_rand_states" is used before its value is set
  Main.cu
c:\users\ayoub\documents\projects\visual studio projects\c++\firstraytracer\firstraytracer\vec3.h(65): warning C4244: 'initializing': conversion from 'double' to 'float', possible loss of data
c:\users\ayoub\documents\projects\visual studio projects\c++\firstraytracer\firstraytracer\vec3.h(165): warning C4244: 'initializing': conversion from 'double' to 'float', possible loss of data
c:\users\ayoub\documents\projects\visual studio projects\c++\firstraytracer\firstraytracer\utilities.h(45): warning C4244: 'argument': conversion from 'double' to 'float', possible loss of data
c:\users\ayoub\documents\projects\visual studio projects\c++\firstraytracer\firstraytracer\utilities.h(60): warning C4244: 'argument': conversion from 'double' to 'float', possible loss of data
c:\users\ayoub\documents\projects\visual studio projects\c++\firstraytracer\firstraytracer\main.cu(144): warning C4700: uninitialized local variable 'world_rand_states' used
Main.cu.obj : error LNK2019: unresolved external symbol cudaDeviceSynchronize referenced in function main
Main.cu.obj : error LNK2019: unresolved external symbol cudaMalloc referenced in function main
Main.cu.obj : error LNK2019: unresolved external symbol cudaDeviceReset referenced in function "void __cdecl check_cuda(enum cudaError,char const * const,char const * const,int)" (?check_cuda@@YAXW4cudaError@@QEBD1H@Z)
Main.cu.obj : error LNK2019: unresolved external symbol cudaLaunchKernel referenced in function "enum cudaError __cdecl cudaLaunchKernel<char>(char const *,struct dim3,struct dim3,void * *,unsigned __int64,struct CUstream_st *)" (??$cudaLaunchKernel@D@@YA?AW4cudaError@@PEBDUdim3@@1PEAPEAX_KPEAUCUstream_st@@@Z)
Main.cu.obj : error LNK2019: unresolved external symbol __cudaPushCallConfiguration referenced in function main
Main.cu.obj : error LNK2019: unresolved external symbol __cudaPopCallConfiguration referenced in function "void __cdecl __device_stub__Z12create_worldPP7HitableP17curandStateXORWOWii(class Hitable * *,struct curandStateXORWOW *,int,int)" (?__device_stub__Z12create_worldPP7HitableP17curandStateXORWOWii@@YAXPEAPEAVHitable@@PEAUcurandStateXORWOW@@HH@Z)
Main.cu.obj : error LNK2019: unresolved external symbol __cudaRegisterFatBinary referenced in function "void __cdecl __nv_cudaEntityRegisterCallback(void * *)" (?__nv_cudaEntityRegisterCallback@@YAXPEAPEAX@Z)
Main.cu.obj : error LNK2019: unresolved external symbol __cudaRegisterFatBinaryEnd referenced in function "void __cdecl __nv_cudaEntityRegisterCallback(void * *)" (?__nv_cudaEntityRegisterCallback@@YAXPEAPEAX@Z)
Main.cu.obj : error LNK2019: unresolved external symbol __cudaUnregisterFatBinary referenced in function "void __cdecl __cudaUnregisterBinaryUtil(void)" (?__cudaUnregisterBinaryUtil@@YAXXZ)
Main.cu.obj : error LNK2019: unresolved external symbol __cudaRegisterVar referenced in function "void __cdecl __nv_cudaEntityRegisterCallback(void * *)" (?__nv_cudaEntityRegisterCallback@@YAXPEAPEAX@Z)
Main.cu.obj : error LNK2019: unresolved external symbol __cudaRegisterFunction referenced in function "void __cdecl __nv_cudaEntityRegisterCallback(void * *)" (?__nv_cudaEntityRegisterCallback@@YAXPEAPEAX@Z)
C:\Users\Ayoub\Documents\Projects\Visual Studio Projects\c++\firstraytracer\x64\Debug\FirstRayTracer.exe : fatal error LNK1120: 11 unresolved externals
